<?xml version="1.0" encoding="UTF-8"?>
<testng-results ignored="0" total="1" passed="1" failed="0" skipped="0">
  <reporter-output>
  </reporter-output>
  <suite started-at="2023-04-14T13:44:08Z" name="Automation Test Suite" finished-at="2023-04-14T13:44:11Z" duration-ms="2748">
    <groups>
    </groups>
    <test started-at="2023-04-14T13:44:08Z" name="Order Items Test Cases" finished-at="2023-04-14T13:44:11Z" duration-ms="2748">
      <class name="com.Sauce.testcases.orderItemTest">
        <test-method is-config="true" signature="setUp()[pri:0, instance:com.Sauce.testcases.orderItemTest@1b6e1eff]" started-at="2023-04-14T19:14:08Z" name="setUp" finished-at="2023-04-14T19:14:10Z" duration-ms="2043" status="PASS">
          <reporter-output>
          </reporter-output>
        </test-method> <!-- setUp -->
        <test-method signature="orderTest()[pri:0, instance:com.Sauce.testcases.orderItemTest@1b6e1eff]" started-at="2023-04-14T19:14:10Z" name="orderTest" finished-at="2023-04-14T19:14:11Z" duration-ms="617" status="PASS">
          <reporter-output>
          </reporter-output>
        </test-method> <!-- orderTest -->
        <test-method is-config="true" signature="tearDown()[pri:0, instance:com.Sauce.testcases.orderItemTest@1b6e1eff]" started-at="2023-04-14T19:14:11Z" name="tearDown" finished-at="2023-04-14T19:14:11Z" duration-ms="80" status="PASS">
          <reporter-output>
          </reporter-output>
        </test-method> <!-- tearDown -->
      </class> <!-- com.Sauce.testcases.orderItemTest -->
    </test> <!-- Order Items Test Cases -->
  </suite> <!-- Automation Test Suite -->
</testng-results>
